<?xml version="1.0" encoding="UTF-8"?>
<testsuite name="uTest" tests="1" skipped="0" failures="0" errors="0" timestamp="2021-07-23T19:13:50" hostname="CHPAP8XKWD82" time="39.164">
  <properties/>
  <testcase name="Create user on the utest website" classname="uTest" time="39.164"/>
  <system-out><![CDATA[]]></system-out>
  <system-err><![CDATA[[Test worker] WARN net.thucydides.core.steps.BaseStepListener - stepStarted: net.thucydides.core.steps.ExecutedStepDescription@b96447d
[Test worker] WARN net.thucydides.core.steps.BaseStepListener - stepStarted: net.thucydides.core.steps.ExecutedStepDescription@5fc73147
[Test worker] WARN net.thucydides.core.steps.BaseStepListener - stepStarted: net.thucydides.core.steps.ExecutedStepDescription@3ce913c0
jul 23, 2021 2:13:52 PM org.openqa.selenium.remote.DesiredCapabilities chrome
INFORMACIÓN: Using `new ChromeOptions()` is preferred to `DesiredCapabilities.chrome()`
[Test worker] INFO net.serenitybdd.core.webdriver.driverproviders.ProvideNewDriver - Instantiating driver
[Test worker] INFO net.serenitybdd.core.webdriver.driverproviders.ProvideNewDriver - Driver capabilities: Capabilities {acceptInsecureCerts: false, browserName: chrome, goog:chromeOptions: {args: [], extensions: []}, loggingPrefs: org.openqa.selenium.logging..., platform: ANY, version: }
Starting ChromeDriver 91.0.4472.101 (af52a90bf87030dd1523486a1cd3ae25c5d76c9b-refs/branch-heads/4472@{#1462}) on port 2742
Only local connections are allowed.
Please see https://chromedriver.chromium.org/security-considerations for suggestions on keeping ChromeDriver safe.
ChromeDriver was started successfully.
jul 23, 2021 2:13:56 PM org.openqa.selenium.remote.ProtocolHandshake createSession
INFORMACIÓN: Detected dialect: W3C
[Test worker] WARN net.thucydides.core.steps.BaseStepListener - stepFinished: current outcome:Create user on the utest website:Given that Dante wants create user on utest website and enters the page [Dante open up [Dante opens the Utest page]]
[Test worker] WARN net.thucydides.core.steps.BaseStepListener - stepFinished: current outcome:Create user on the utest website:Given that Dante wants create user on utest website and enters the page [Dante open up [Dante opens the Utest page]]
[Test worker] WARN net.thucydides.core.steps.BaseStepListener - stepFinished: current outcome:Create user on the utest website:Given that Dante wants create user on utest website and enters the page [Dante open up [Dante opens the Utest page]]
[Test worker] WARN net.thucydides.core.steps.BaseStepListener - stepStarted: net.thucydides.core.steps.ExecutedStepDescription@539f8601
[Test worker] WARN net.thucydides.core.steps.BaseStepListener - stepStarted: net.thucydides.core.steps.ExecutedStepDescription@240156c9
[Test worker] WARN net.thucydides.core.steps.BaseStepListener - stepStarted: net.thucydides.core.steps.ExecutedStepDescription@2567bab6
[Test worker] WARN net.thucydides.core.steps.BaseStepListener - stepFinished: current outcome:Create user on the utest website:Given that Dante wants create user on utest website and enters the page [Dante open up [Dante opens the Utest page]], When he filled out the registration from on the utest website
| strFirstName | strLastName | strEmail | strBirthMonth | strBirthDay | strBirthYear | strLanguage | strPostalCode | strPassword | strConfirmPassword |
| Jose | Santamaria | alefuedbz21@gmail.com | number:1 | number:1 | number:1996 | Spanish | 507 | Jose210596 | Jose210596 | [Dante register on utest [Dante clicks on button that show the from to join up]]
[Test worker] WARN net.thucydides.core.steps.BaseStepListener - stepStarted: net.thucydides.core.steps.ExecutedStepDescription@2167efe1
[Test worker] WARN net.thucydides.core.steps.BaseStepListener - stepFinished: current outcome:Create user on the utest website:Given that Dante wants create user on utest website and enters the page [Dante open up [Dante opens the Utest page]], When he filled out the registration from on the utest website
| strFirstName | strLastName | strEmail | strBirthMonth | strBirthDay | strBirthYear | strLanguage | strPostalCode | strPassword | strConfirmPassword |
| Jose | Santamaria | alefuedbz21@gmail.com | number:1 | number:1 | number:1996 | Spanish | 507 | Jose210596 | Jose210596 | [Dante register on utest [Dante clicks on button that show the from to join up, Dante enters 'Jose' into Where do write his first name]]
[Test worker] WARN net.thucydides.core.steps.BaseStepListener - stepStarted: net.thucydides.core.steps.ExecutedStepDescription@24c2950d
[Test worker] WARN net.thucydides.core.steps.BaseStepListener - stepFinished: current outcome:Create user on the utest website:Given that Dante wants create user on utest website and enters the page [Dante open up [Dante opens the Utest page]], When he filled out the registration from on the utest website
| strFirstName | strLastName | strEmail | strBirthMonth | strBirthDay | strBirthYear | strLanguage | strPostalCode | strPassword | strConfirmPassword |
| Jose | Santamaria | alefuedbz21@gmail.com | number:1 | number:1 | number:1996 | Spanish | 507 | Jose210596 | Jose210596 | [Dante register on utest [Dante clicks on button that show the from to join up, Dante enters 'Jose' into Where do write his first name, Dante enters 'Santamaria' into Where do write his last name]]
[Test worker] WARN net.thucydides.core.steps.BaseStepListener - stepStarted: net.thucydides.core.steps.ExecutedStepDescription@235b7555
[Test worker] WARN net.thucydides.core.steps.BaseStepListener - stepFinished: current outcome:Create user on the utest website:Given that Dante wants create user on utest website and enters the page [Dante open up [Dante opens the Utest page]], When he filled out the registration from on the utest website
| strFirstName | strLastName | strEmail | strBirthMonth | strBirthDay | strBirthYear | strLanguage | strPostalCode | strPassword | strConfirmPassword |
| Jose | Santamaria | alefuedbz21@gmail.com | number:1 | number:1 | number:1996 | Spanish | 507 | Jose210596 | Jose210596 | [Dante register on utest [Dante clicks on button that show the from to join up, Dante enters 'Jose' into Where do write his first name, Dante enters 'Santamaria' into Where do write his last name, Dante enters 'alefuedbz21@gmail.com' into Where do write his email]]
[Test worker] WARN net.thucydides.core.steps.BaseStepListener - stepStarted: net.thucydides.core.steps.ExecutedStepDescription@6b0cea35
[Test worker] WARN net.thucydides.core.steps.BaseStepListener - stepFinished: current outcome:Create user on the utest website:Given that Dante wants create user on utest website and enters the page [Dante open up [Dante opens the Utest page]], When he filled out the registration from on the utest website
| strFirstName | strLastName | strEmail | strBirthMonth | strBirthDay | strBirthYear | strLanguage | strPostalCode | strPassword | strConfirmPassword |
| Jose | Santamaria | alefuedbz21@gmail.com | number:1 | number:1 | number:1996 | Spanish | 507 | Jose210596 | Jose210596 | [Dante register on utest [Dante clicks on button that show the from to join up, Dante enters 'Jose' into Where do write his first name, Dante enters 'Santamaria' into Where do write his last name, Dante enters 'alefuedbz21@gmail.com' into Where do write his email, Dante selects number:1 in Where do select his birth month]]
[Test worker] WARN net.thucydides.core.steps.BaseStepListener - stepStarted: net.thucydides.core.steps.ExecutedStepDescription@6cca073c
[Test worker] WARN net.thucydides.core.steps.BaseStepListener - stepFinished: current outcome:Create user on the utest website:Given that Dante wants create user on utest website and enters the page [Dante open up [Dante opens the Utest page]], When he filled out the registration from on the utest website
| strFirstName | strLastName | strEmail | strBirthMonth | strBirthDay | strBirthYear | strLanguage | strPostalCode | strPassword | strConfirmPassword |
| Jose | Santamaria | alefuedbz21@gmail.com | number:1 | number:1 | number:1996 | Spanish | 507 | Jose210596 | Jose210596 | [Dante register on utest [Dante clicks on button that show the from to join up, Dante enters 'Jose' into Where do write his first name, Dante enters 'Santamaria' into Where do write his last name, Dante enters 'alefuedbz21@gmail.com' into Where do write his email, Dante selects number:1 in Where do select his birth month, Dante selects number:1 in Where do select his birth day]]
[Test worker] WARN net.thucydides.core.steps.BaseStepListener - stepStarted: net.thucydides.core.steps.ExecutedStepDescription@26f0ee07
[Test worker] WARN net.thucydides.core.steps.BaseStepListener - stepFinished: current outcome:Create user on the utest website:Given that Dante wants create user on utest website and enters the page [Dante open up [Dante opens the Utest page]], When he filled out the registration from on the utest website
| strFirstName | strLastName | strEmail | strBirthMonth | strBirthDay | strBirthYear | strLanguage | strPostalCode | strPassword | strConfirmPassword |
| Jose | Santamaria | alefuedbz21@gmail.com | number:1 | number:1 | number:1996 | Spanish | 507 | Jose210596 | Jose210596 | [Dante register on utest [Dante clicks on button that show the from to join up, Dante enters 'Jose' into Where do write his first name, Dante enters 'Santamaria' into Where do write his last name, Dante enters 'alefuedbz21@gmail.com' into Where do write his email, Dante selects number:1 in Where do select his birth month, Dante selects number:1 in Where do select his birth day, Dante selects number:1996 in Where do select his birth year]]
[Test worker] WARN net.thucydides.core.steps.BaseStepListener - stepStarted: net.thucydides.core.steps.ExecutedStepDescription@72811bf7
[Test worker] WARN net.thucydides.core.steps.BaseStepListener - stepFinished: current outcome:Create user on the utest website:Given that Dante wants create user on utest website and enters the page [Dante open up [Dante opens the Utest page]], When he filled out the registration from on the utest website
| strFirstName | strLastName | strEmail | strBirthMonth | strBirthDay | strBirthYear | strLanguage | strPostalCode | strPassword | strConfirmPassword |
| Jose | Santamaria | alefuedbz21@gmail.com | number:1 | number:1 | number:1996 | Spanish | 507 | Jose210596 | Jose210596 | [Dante register on utest [Dante clicks on button that show the from to join up, Dante enters 'Jose' into Where do write his first name, Dante enters 'Santamaria' into Where do write his last name, Dante enters 'alefuedbz21@gmail.com' into Where do write his email, Dante selects number:1 in Where do select his birth month, Dante selects number:1 in Where do select his birth day, Dante selects number:1996 in Where do select his birth year, Dante enters 'Spanish' into Where do select his language]]
[Test worker] WARN net.thucydides.core.steps.BaseStepListener - stepStarted: net.thucydides.core.steps.ExecutedStepDescription@4758f2ba
[Test worker] WARN net.thucydides.core.steps.BaseStepListener - stepFinished: current outcome:Create user on the utest website:Given that Dante wants create user on utest website and enters the page [Dante open up [Dante opens the Utest page]], When he filled out the registration from on the utest website
| strFirstName | strLastName | strEmail | strBirthMonth | strBirthDay | strBirthYear | strLanguage | strPostalCode | strPassword | strConfirmPassword |
| Jose | Santamaria | alefuedbz21@gmail.com | number:1 | number:1 | number:1996 | Spanish | 507 | Jose210596 | Jose210596 | [Dante register on utest [Dante clicks on button that show the from to join up, Dante enters 'Jose' into Where do write his first name, Dante enters 'Santamaria' into Where do write his last name, Dante enters 'alefuedbz21@gmail.com' into Where do write his email, Dante selects number:1 in Where do select his birth month, Dante selects number:1 in Where do select his birth day, Dante selects number:1996 in Where do select his birth year, Dante enters 'Spanish' into Where do select his language, Dante clicks on Where do click to go the next form]]
[Test worker] WARN net.thucydides.core.steps.BaseStepListener - stepStarted: net.thucydides.core.steps.ExecutedStepDescription@699b3b86
[Test worker] WARN net.thucydides.core.steps.BaseStepListener - stepFinished: current outcome:Create user on the utest website:Given that Dante wants create user on utest website and enters the page [Dante open up [Dante opens the Utest page]], When he filled out the registration from on the utest website
| strFirstName | strLastName | strEmail | strBirthMonth | strBirthDay | strBirthYear | strLanguage | strPostalCode | strPassword | strConfirmPassword |
| Jose | Santamaria | alefuedbz21@gmail.com | number:1 | number:1 | number:1996 | Spanish | 507 | Jose210596 | Jose210596 | [Dante register on utest [Dante clicks on button that show the from to join up, Dante enters 'Jose' into Where do write his first name, Dante enters 'Santamaria' into Where do write his last name, Dante enters 'alefuedbz21@gmail.com' into Where do write his email, Dante selects number:1 in Where do select his birth month, Dante selects number:1 in Where do select his birth day, Dante selects number:1996 in Where do select his birth year, Dante enters 'Spanish' into Where do select his language, Dante clicks on Where do click to go the next form, Dante enters '507' into Where do write his postal code]]
[Test worker] WARN net.thucydides.core.steps.BaseStepListener - stepStarted: net.thucydides.core.steps.ExecutedStepDescription@232f13cd
[Test worker] WARN net.thucydides.core.steps.BaseStepListener - stepFinished: current outcome:Create user on the utest website:Given that Dante wants create user on utest website and enters the page [Dante open up [Dante opens the Utest page]], When he filled out the registration from on the utest website
| strFirstName | strLastName | strEmail | strBirthMonth | strBirthDay | strBirthYear | strLanguage | strPostalCode | strPassword | strConfirmPassword |
| Jose | Santamaria | alefuedbz21@gmail.com | number:1 | number:1 | number:1996 | Spanish | 507 | Jose210596 | Jose210596 | [Dante register on utest [Dante clicks on button that show the from to join up, Dante enters 'Jose' into Where do write his first name, Dante enters 'Santamaria' into Where do write his last name, Dante enters 'alefuedbz21@gmail.com' into Where do write his email, Dante selects number:1 in Where do select his birth month, Dante selects number:1 in Where do select his birth day, Dante selects number:1996 in Where do select his birth year, Dante enters 'Spanish' into Where do select his language, Dante clicks on Where do click to go the next form, Dante enters '507' into Where do write his postal code, Dante clicks on Where do click to go the next form]]
[Test worker] WARN net.thucydides.core.steps.BaseStepListener - stepStarted: net.thucydides.core.steps.ExecutedStepDescription@18175fd
[Test worker] WARN net.thucydides.core.steps.BaseStepListener - stepFinished: current outcome:Create user on the utest website:Given that Dante wants create user on utest website and enters the page [Dante open up [Dante opens the Utest page]], When he filled out the registration from on the utest website
| strFirstName | strLastName | strEmail | strBirthMonth | strBirthDay | strBirthYear | strLanguage | strPostalCode | strPassword | strConfirmPassword |
| Jose | Santamaria | alefuedbz21@gmail.com | number:1 | number:1 | number:1996 | Spanish | 507 | Jose210596 | Jose210596 | [Dante register on utest [Dante clicks on button that show the from to join up, Dante enters 'Jose' into Where do write his first name, Dante enters 'Santamaria' into Where do write his last name, Dante enters 'alefuedbz21@gmail.com' into Where do write his email, Dante selects number:1 in Where do select his birth month, Dante selects number:1 in Where do select his birth day, Dante selects number:1996 in Where do select his birth year, Dante enters 'Spanish' into Where do select his language, Dante clicks on Where do click to go the next form, Dante enters '507' into Where do write his postal code, Dante clicks on Where do click to go the next form, Dante clicks on Where do click to go the next form]]
[Test worker] WARN net.thucydides.core.steps.BaseStepListener - stepStarted: net.thucydides.core.steps.ExecutedStepDescription@653d6c46
[Test worker] WARN net.thucydides.core.steps.BaseStepListener - stepFinished: current outcome:Create user on the utest website:Given that Dante wants create user on utest website and enters the page [Dante open up [Dante opens the Utest page]], When he filled out the registration from on the utest website
| strFirstName | strLastName | strEmail | strBirthMonth | strBirthDay | strBirthYear | strLanguage | strPostalCode | strPassword | strConfirmPassword |
| Jose | Santamaria | alefuedbz21@gmail.com | number:1 | number:1 | number:1996 | Spanish | 507 | Jose210596 | Jose210596 | [Dante register on utest [Dante clicks on button that show the from to join up, Dante enters 'Jose' into Where do write his first name, Dante enters 'Santamaria' into Where do write his last name, Dante enters 'alefuedbz21@gmail.com' into Where do write his email, Dante selects number:1 in Where do select his birth month, Dante selects number:1 in Where do select his birth day, Dante selects number:1996 in Where do select his birth year, Dante enters 'Spanish' into Where do select his language, Dante clicks on Where do click to go the next form, Dante enters '507' into Where do write his postal code, Dante clicks on Where do click to go the next form, Dante clicks on Where do click to go the next form, Dante enters 'Jose210596' into Where do write his password]]
[Test worker] WARN net.thucydides.core.steps.BaseStepListener - stepStarted: net.thucydides.core.steps.ExecutedStepDescription@35d84ba
[Test worker] WARN net.thucydides.core.steps.BaseStepListener - stepFinished: current outcome:Create user on the utest website:Given that Dante wants create user on utest website and enters the page [Dante open up [Dante opens the Utest page]], When he filled out the registration from on the utest website
| strFirstName | strLastName | strEmail | strBirthMonth | strBirthDay | strBirthYear | strLanguage | strPostalCode | strPassword | strConfirmPassword |
| Jose | Santamaria | alefuedbz21@gmail.com | number:1 | number:1 | number:1996 | Spanish | 507 | Jose210596 | Jose210596 | [Dante register on utest [Dante clicks on button that show the from to join up, Dante enters 'Jose' into Where do write his first name, Dante enters 'Santamaria' into Where do write his last name, Dante enters 'alefuedbz21@gmail.com' into Where do write his email, Dante selects number:1 in Where do select his birth month, Dante selects number:1 in Where do select his birth day, Dante selects number:1996 in Where do select his birth year, Dante enters 'Spanish' into Where do select his language, Dante clicks on Where do click to go the next form, Dante enters '507' into Where do write his postal code, Dante clicks on Where do click to go the next form, Dante clicks on Where do click to go the next form, Dante enters 'Jose210596' into Where do write his password, Dante enters 'Jose210596' into Where do write his password again]]
[Test worker] WARN net.thucydides.core.steps.BaseStepListener - stepStarted: net.thucydides.core.steps.ExecutedStepDescription@19e52513
[Test worker] WARN net.thucydides.core.steps.BaseStepListener - stepFinished: current outcome:Create user on the utest website:Given that Dante wants create user on utest website and enters the page [Dante open up [Dante opens the Utest page]], When he filled out the registration from on the utest website
| strFirstName | strLastName | strEmail | strBirthMonth | strBirthDay | strBirthYear | strLanguage | strPostalCode | strPassword | strConfirmPassword |
| Jose | Santamaria | alefuedbz21@gmail.com | number:1 | number:1 | number:1996 | Spanish | 507 | Jose210596 | Jose210596 | [Dante register on utest [Dante clicks on button that show the from to join up, Dante enters 'Jose' into Where do write his first name, Dante enters 'Santamaria' into Where do write his last name, Dante enters 'alefuedbz21@gmail.com' into Where do write his email, Dante selects number:1 in Where do select his birth month, Dante selects number:1 in Where do select his birth day, Dante selects number:1996 in Where do select his birth year, Dante enters 'Spanish' into Where do select his language, Dante clicks on Where do click to go the next form, Dante enters '507' into Where do write his postal code, Dante clicks on Where do click to go the next form, Dante clicks on Where do click to go the next form, Dante enters 'Jose210596' into Where do write his password, Dante enters 'Jose210596' into Where do write his password again, Dante clicks on Where do accept the utest terms of use]]
[Test worker] WARN net.thucydides.core.steps.BaseStepListener - stepStarted: net.thucydides.core.steps.ExecutedStepDescription@702b06ec
[Test worker] WARN net.thucydides.core.steps.BaseStepListener - stepFinished: current outcome:Create user on the utest website:Given that Dante wants create user on utest website and enters the page [Dante open up [Dante opens the Utest page]], When he filled out the registration from on the utest website
| strFirstName | strLastName | strEmail | strBirthMonth | strBirthDay | strBirthYear | strLanguage | strPostalCode | strPassword | strConfirmPassword |
| Jose | Santamaria | alefuedbz21@gmail.com | number:1 | number:1 | number:1996 | Spanish | 507 | Jose210596 | Jose210596 | [Dante register on utest [Dante clicks on button that show the from to join up, Dante enters 'Jose' into Where do write his first name, Dante enters 'Santamaria' into Where do write his last name, Dante enters 'alefuedbz21@gmail.com' into Where do write his email, Dante selects number:1 in Where do select his birth month, Dante selects number:1 in Where do select his birth day, Dante selects number:1996 in Where do select his birth year, Dante enters 'Spanish' into Where do select his language, Dante clicks on Where do click to go the next form, Dante enters '507' into Where do write his postal code, Dante clicks on Where do click to go the next form, Dante clicks on Where do click to go the next form, Dante enters 'Jose210596' into Where do write his password, Dante enters 'Jose210596' into Where do write his password again, Dante clicks on Where do accept the utest terms of use, Dante clicks on Where do accept the privacy & security policy]]
[Test worker] WARN net.thucydides.core.steps.BaseStepListener - stepStarted: net.thucydides.core.steps.ExecutedStepDescription@726bb150
[Test worker] WARN net.thucydides.core.steps.BaseStepListener - stepFinished: current outcome:Create user on the utest website:Given that Dante wants create user on utest website and enters the page [Dante open up [Dante opens the Utest page]], When he filled out the registration from on the utest website
| strFirstName | strLastName | strEmail | strBirthMonth | strBirthDay | strBirthYear | strLanguage | strPostalCode | strPassword | strConfirmPassword |
| Jose | Santamaria | alefuedbz21@gmail.com | number:1 | number:1 | number:1996 | Spanish | 507 | Jose210596 | Jose210596 | [Dante register on utest [Dante clicks on button that show the from to join up, Dante enters 'Jose' into Where do write his first name, Dante enters 'Santamaria' into Where do write his last name, Dante enters 'alefuedbz21@gmail.com' into Where do write his email, Dante selects number:1 in Where do select his birth month, Dante selects number:1 in Where do select his birth day, Dante selects number:1996 in Where do select his birth year, Dante enters 'Spanish' into Where do select his language, Dante clicks on Where do click to go the next form, Dante enters '507' into Where do write his postal code, Dante clicks on Where do click to go the next form, Dante clicks on Where do click to go the next form, Dante enters 'Jose210596' into Where do write his password, Dante enters 'Jose210596' into Where do write his password again, Dante clicks on Where do accept the utest terms of use, Dante clicks on Where do accept the privacy & security policy, Dante clicks on Where do click for complete the form]]
[Test worker] WARN net.thucydides.core.steps.BaseStepListener - stepFinished: current outcome:Create user on the utest website:Given that Dante wants create user on utest website and enters the page [Dante open up [Dante opens the Utest page]], When he filled out the registration from on the utest website
| strFirstName | strLastName | strEmail | strBirthMonth | strBirthDay | strBirthYear | strLanguage | strPostalCode | strPassword | strConfirmPassword |
| Jose | Santamaria | alefuedbz21@gmail.com | number:1 | number:1 | number:1996 | Spanish | 507 | Jose210596 | Jose210596 | [Dante register on utest [Dante clicks on button that show the from to join up, Dante enters 'Jose' into Where do write his first name, Dante enters 'Santamaria' into Where do write his last name, Dante enters 'alefuedbz21@gmail.com' into Where do write his email, Dante selects number:1 in Where do select his birth month, Dante selects number:1 in Where do select his birth day, Dante selects number:1996 in Where do select his birth year, Dante enters 'Spanish' into Where do select his language, Dante clicks on Where do click to go the next form, Dante enters '507' into Where do write his postal code, Dante clicks on Where do click to go the next form, Dante clicks on Where do click to go the next form, Dante enters 'Jose210596' into Where do write his password, Dante enters 'Jose210596' into Where do write his password again, Dante clicks on Where do accept the utest terms of use, Dante clicks on Where do accept the privacy & security policy, Dante clicks on Where do click for complete the form]]
[Test worker] WARN net.thucydides.core.steps.BaseStepListener - stepFinished: current outcome:Create user on the utest website:Given that Dante wants create user on utest website and enters the page [Dante open up [Dante opens the Utest page]], When he filled out the registration from on the utest website
| strFirstName | strLastName | strEmail | strBirthMonth | strBirthDay | strBirthYear | strLanguage | strPostalCode | strPassword | strConfirmPassword |
| Jose | Santamaria | alefuedbz21@gmail.com | number:1 | number:1 | number:1996 | Spanish | 507 | Jose210596 | Jose210596 | [Dante register on utest [Dante clicks on button that show the from to join up, Dante enters 'Jose' into Where do write his first name, Dante enters 'Santamaria' into Where do write his last name, Dante enters 'alefuedbz21@gmail.com' into Where do write his email, Dante selects number:1 in Where do select his birth month, Dante selects number:1 in Where do select his birth day, Dante selects number:1996 in Where do select his birth year, Dante enters 'Spanish' into Where do select his language, Dante clicks on Where do click to go the next form, Dante enters '507' into Where do write his postal code, Dante clicks on Where do click to go the next form, Dante clicks on Where do click to go the next form, Dante enters 'Jose210596' into Where do write his password, Dante enters 'Jose210596' into Where do write his password again, Dante clicks on Where do accept the utest terms of use, Dante clicks on Where do accept the privacy & security policy, Dante clicks on Where do click for complete the form]]
[Test worker] WARN net.thucydides.core.steps.BaseStepListener - stepStarted: net.thucydides.core.steps.ExecutedStepDescription@659f0ca
[Test worker] WARN net.thucydides.core.steps.BaseStepListener - stepFinished: current outcome:Create user on the utest website:Given that Dante wants create user on utest website and enters the page [Dante open up [Dante opens the Utest page]], When he filled out the registration from on the utest website
| strFirstName | strLastName | strEmail | strBirthMonth | strBirthDay | strBirthYear | strLanguage | strPostalCode | strPassword | strConfirmPassword |
| Jose | Santamaria | alefuedbz21@gmail.com | number:1 | number:1 | number:1996 | Spanish | 507 | Jose210596 | Jose210596 | [Dante register on utest [Dante clicks on button that show the from to join up, Dante enters 'Jose' into Where do write his first name, Dante enters 'Santamaria' into Where do write his last name, Dante enters 'alefuedbz21@gmail.com' into Where do write his email, Dante selects number:1 in Where do select his birth month, Dante selects number:1 in Where do select his birth day, Dante selects number:1996 in Where do select his birth year, Dante enters 'Spanish' into Where do select his language, Dante clicks on Where do click to go the next form, Dante enters '507' into Where do write his postal code, Dante clicks on Where do click to go the next form, Dante clicks on Where do click to go the next form, Dante enters 'Jose210596' into Where do write his password, Dante enters 'Jose210596' into Where do write his password again, Dante clicks on Where do accept the utest terms of use, Dante clicks on Where do accept the privacy & security policy, Dante clicks on Where do click for complete the form]], Then he verify that the user is create successfully
[Test worker] WARN net.thucydides.core.steps.BaseStepListener - testFinished: Create user on the utest website:Given that Dante wants create user on utest website and enters the page [Dante open up [Dante opens the Utest page]], When he filled out the registration from on the utest website
| strFirstName | strLastName | strEmail | strBirthMonth | strBirthDay | strBirthYear | strLanguage | strPostalCode | strPassword | strConfirmPassword |
| Jose | Santamaria | alefuedbz21@gmail.com | number:1 | number:1 | number:1996 | Spanish | 507 | Jose210596 | Jose210596 | [Dante register on utest [Dante clicks on button that show the from to join up, Dante enters 'Jose' into Where do write his first name, Dante enters 'Santamaria' into Where do write his last name, Dante enters 'alefuedbz21@gmail.com' into Where do write his email, Dante selects number:1 in Where do select his birth month, Dante selects number:1 in Where do select his birth day, Dante selects number:1996 in Where do select his birth year, Dante enters 'Spanish' into Where do select his language, Dante clicks on Where do click to go the next form, Dante enters '507' into Where do write his postal code, Dante clicks on Where do click to go the next form, Dante clicks on Where do click to go the next form, Dante enters 'Jose210596' into Where do write his password, Dante enters 'Jose210596' into Where do write his password again, Dante clicks on Where do accept the utest terms of use, Dante clicks on Where do accept the privacy & security policy, Dante clicks on Where do click for complete the form]], Then he verify that the user is create successfully
[Test worker] WARN net.thucydides.core.steps.BaseStepListener - TestOutcomes: [Create user on the utest website:Given that Dante wants create user on utest website and enters the page [Dante open up [Dante opens the Utest page]], When he filled out the registration from on the utest website
| strFirstName | strLastName | strEmail | strBirthMonth | strBirthDay | strBirthYear | strLanguage | strPostalCode | strPassword | strConfirmPassword |
| Jose | Santamaria | alefuedbz21@gmail.com | number:1 | number:1 | number:1996 | Spanish | 507 | Jose210596 | Jose210596 | [Dante register on utest [Dante clicks on button that show the from to join up, Dante enters 'Jose' into Where do write his first name, Dante enters 'Santamaria' into Where do write his last name, Dante enters 'alefuedbz21@gmail.com' into Where do write his email, Dante selects number:1 in Where do select his birth month, Dante selects number:1 in Where do select his birth day, Dante selects number:1996 in Where do select his birth year, Dante enters 'Spanish' into Where do select his language, Dante clicks on Where do click to go the next form, Dante enters '507' into Where do write his postal code, Dante clicks on Where do click to go the next form, Dante clicks on Where do click to go the next form, Dante enters 'Jose210596' into Where do write his password, Dante enters 'Jose210596' into Where do write his password again, Dante clicks on Where do accept the utest terms of use, Dante clicks on Where do accept the privacy & security policy, Dante clicks on Where do click for complete the form]], Then he verify that the user is create successfully]
[Test worker] WARN net.thucydides.core.steps.BaseStepListener - Final testOutcomes: [Create user on the utest website:Given that Dante wants create user on utest website and enters the page [Dante open up [Dante opens the Utest page]], When he filled out the registration from on the utest website
| strFirstName | strLastName | strEmail | strBirthMonth | strBirthDay | strBirthYear | strLanguage | strPostalCode | strPassword | strConfirmPassword |
| Jose | Santamaria | alefuedbz21@gmail.com | number:1 | number:1 | number:1996 | Spanish | 507 | Jose210596 | Jose210596 | [Dante register on utest [Dante clicks on button that show the from to join up, Dante enters 'Jose' into Where do write his first name, Dante enters 'Santamaria' into Where do write his last name, Dante enters 'alefuedbz21@gmail.com' into Where do write his email, Dante selects number:1 in Where do select his birth month, Dante selects number:1 in Where do select his birth day, Dante selects number:1996 in Where do select his birth year, Dante enters 'Spanish' into Where do select his language, Dante clicks on Where do click to go the next form, Dante enters '507' into Where do write his postal code, Dante clicks on Where do click to go the next form, Dante clicks on Where do click to go the next form, Dante enters 'Jose210596' into Where do write his password, Dante enters 'Jose210596' into Where do write his password again, Dante clicks on Where do accept the utest terms of use, Dante clicks on Where do accept the privacy & security policy, Dante clicks on Where do click for complete the form]], Then he verify that the user is create successfully]
[Test worker] INFO net.thucydides.core.steps.ConsoleLoggingListener - 
        __    _____ _____ ____ _____   ____   _    ____  ____  _____ ____  
  _     \ \  |_   _| ____/ ___|_   _| |  _ \ / \  / ___|/ ___|| ____|  _ \ 
 (_)_____| |   | | |  _| \___ \ | |   | |_) / _ \ \___ \\___ \|  _| | | | |
  _|_____| |   | | | |___ ___) || |   |  __/ ___ \ ___) |___) | |___| |_| |
 (_)     | |   |_| |_____|____/ |_|   |_| /_/   \_\____/|____/|_____|____/ 
        /_/                                                                

TEST PASSED: Create user on the utest website
----------------------------------------------------------------------------
]]></system-err>
</testsuite>
